<?xml version="1.0" encoding="UTF-8"?>
<testng-results ignored="0" total="10" passed="8" failed="2" skipped="0">
  <reporter-output>
  </reporter-output>
  <suite started-at="2024-07-16T14:57:24 IST" name="Suite" finished-at="2024-07-16T15:05:25 IST" duration-ms="481899">
    <groups>
      <group name="Employee Performance">
        <method signature="testSuitOrangeHRM.TC06_EmployeePerformance()[pri:0, instance:testSuitOrangeHRM@1a45193b]" name="TC06_EmployeePerformance" class="testSuitOrangeHRM"/>
        <method signature="testSuitOrangeHRM.TC07_EmployeePerformance()[pri:0, instance:testSuitOrangeHRM@1a45193b]" name="TC07_EmployeePerformance" class="testSuitOrangeHRM"/>
      </group> <!-- Employee Performance -->
      <group name="Sanity">
        <method signature="testSuitOrangeHRM.TC01_Login()[pri:0, instance:testSuitOrangeHRM@1a45193b]" name="TC01_Login" class="testSuitOrangeHRM"/>
        <method signature="testSuitOrangeHRM.TC02_Login()[pri:0, instance:testSuitOrangeHRM@1a45193b]" name="TC02_Login" class="testSuitOrangeHRM"/>
        <method signature="testSuitOrangeHRM.TC03_EmployeeManagement()[pri:0, instance:testSuitOrangeHRM@1a45193b]" name="TC03_EmployeeManagement" class="testSuitOrangeHRM"/>
        <method signature="testSuitOrangeHRM.TC04_EmployeeManagement()[pri:0, instance:testSuitOrangeHRM@1a45193b]" name="TC04_EmployeeManagement" class="testSuitOrangeHRM"/>
        <method signature="testSuitOrangeHRM.TC05_EmployeeManagement()[pri:0, instance:testSuitOrangeHRM@1a45193b]" name="TC05_EmployeeManagement" class="testSuitOrangeHRM"/>
        <method signature="testSuitOrangeHRM.TC06_EmployeePerformance()[pri:0, instance:testSuitOrangeHRM@1a45193b]" name="TC06_EmployeePerformance" class="testSuitOrangeHRM"/>
        <method signature="testSuitOrangeHRM.TC07_EmployeePerformance()[pri:0, instance:testSuitOrangeHRM@1a45193b]" name="TC07_EmployeePerformance" class="testSuitOrangeHRM"/>
        <method signature="testSuitOrangeHRM.TC08_EmployeeCareerDevelopment()[pri:0, instance:testSuitOrangeHRM@1a45193b]" name="TC08_EmployeeCareerDevelopment" class="testSuitOrangeHRM"/>
        <method signature="testSuitOrangeHRM.TC09_EmployeeRequestDesk()[pri:0, instance:testSuitOrangeHRM@1a45193b]" name="TC09_EmployeeRequestDesk" class="testSuitOrangeHRM"/>
        <method signature="testSuitOrangeHRM.TC10_EmployeeRecruitment()[pri:0, instance:testSuitOrangeHRM@1a45193b]" name="TC10_EmployeeRecruitment" class="testSuitOrangeHRM"/>
      </group> <!-- Sanity -->
      <group name="Employee RequestDesk">
        <method signature="testSuitOrangeHRM.TC09_EmployeeRequestDesk()[pri:0, instance:testSuitOrangeHRM@1a45193b]" name="TC09_EmployeeRequestDesk" class="testSuitOrangeHRM"/>
      </group> <!-- Employee RequestDesk -->
      <group name="Employee Management">
        <method signature="testSuitOrangeHRM.TC03_EmployeeManagement()[pri:0, instance:testSuitOrangeHRM@1a45193b]" name="TC03_EmployeeManagement" class="testSuitOrangeHRM"/>
        <method signature="testSuitOrangeHRM.TC04_EmployeeManagement()[pri:0, instance:testSuitOrangeHRM@1a45193b]" name="TC04_EmployeeManagement" class="testSuitOrangeHRM"/>
        <method signature="testSuitOrangeHRM.TC05_EmployeeManagement()[pri:0, instance:testSuitOrangeHRM@1a45193b]" name="TC05_EmployeeManagement" class="testSuitOrangeHRM"/>
      </group> <!-- Employee Management -->
      <group name="Employee Career Development">
        <method signature="testSuitOrangeHRM.TC08_EmployeeCareerDevelopment()[pri:0, instance:testSuitOrangeHRM@1a45193b]" name="TC08_EmployeeCareerDevelopment" class="testSuitOrangeHRM"/>
      </group> <!-- Employee Career Development -->
      <group name="Login">
        <method signature="testSuitOrangeHRM.TC01_Login()[pri:0, instance:testSuitOrangeHRM@1a45193b]" name="TC01_Login" class="testSuitOrangeHRM"/>
        <method signature="testSuitOrangeHRM.TC02_Login()[pri:0, instance:testSuitOrangeHRM@1a45193b]" name="TC02_Login" class="testSuitOrangeHRM"/>
      </group> <!-- Login -->
      <group name="Employee Recruitment">
        <method signature="testSuitOrangeHRM.TC10_EmployeeRecruitment()[pri:0, instance:testSuitOrangeHRM@1a45193b]" name="TC10_EmployeeRecruitment" class="testSuitOrangeHRM"/>
      </group> <!-- Employee Recruitment -->
    </groups>
    <test started-at="2024-07-16T14:57:24 IST" name="Test" finished-at="2024-07-16T15:05:25 IST" duration-ms="481899">
      <class name="testSuitOrangeHRM">
        <test-method is-config="true" signature="beforeTest()[pri:0, instance:testSuitOrangeHRM@1a45193b]" started-at="2024-07-16T14:57:24 IST" name="beforeTest" finished-at="2024-07-16T14:57:24 IST" duration-ms="192" status="PASS">
          <reporter-output>
          </reporter-output>
        </test-method> <!-- beforeTest -->
        <test-method is-config="true" signature="beforeClass()[pri:0, instance:testSuitOrangeHRM@1a45193b]" started-at="2024-07-16T14:57:24 IST" name="beforeClass" finished-at="2024-07-16T14:57:24 IST" duration-ms="2" status="PASS">
          <reporter-output>
          </reporter-output>
        </test-method> <!-- beforeClass -->
        <test-method signature="TC01_Login()[pri:0, instance:testSuitOrangeHRM@1a45193b]" started-at="2024-07-16T14:57:24 IST" name="TC01_Login" finished-at="2024-07-16T14:57:50 IST" duration-ms="25939" status="PASS">
          <reporter-output>
          </reporter-output>
        </test-method> <!-- TC01_Login -->
        <test-method signature="TC02_Login()[pri:0, instance:testSuitOrangeHRM@1a45193b]" started-at="2024-07-16T14:57:50 IST" name="TC02_Login" finished-at="2024-07-16T14:58:01 IST" duration-ms="10908" status="PASS">
          <reporter-output>
          </reporter-output>
        </test-method> <!-- TC02_Login -->
        <test-method signature="TC03_EmployeeManagement()[pri:0, instance:testSuitOrangeHRM@1a45193b]" started-at="2024-07-16T14:58:01 IST" name="TC03_EmployeeManagement" finished-at="2024-07-16T14:59:41 IST" duration-ms="100259" status="PASS">
          <reporter-output>
          </reporter-output>
        </test-method> <!-- TC03_EmployeeManagement -->
        <test-method signature="TC04_EmployeeManagement()[pri:0, instance:testSuitOrangeHRM@1a45193b]" started-at="2024-07-16T14:59:41 IST" name="TC04_EmployeeManagement" finished-at="2024-07-16T15:00:15 IST" duration-ms="34483" status="PASS">
          <reporter-output>
          </reporter-output>
        </test-method> <!-- TC04_EmployeeManagement -->
        <test-method signature="TC05_EmployeeManagement()[pri:0, instance:testSuitOrangeHRM@1a45193b]" started-at="2024-07-16T15:00:15 IST" name="TC05_EmployeeManagement" finished-at="2024-07-16T15:00:49 IST" duration-ms="33703" status="PASS">
          <reporter-output>
          </reporter-output>
        </test-method> <!-- TC05_EmployeeManagement -->
        <test-method signature="TC06_EmployeePerformance()[pri:0, instance:testSuitOrangeHRM@1a45193b]" started-at="2024-07-16T15:00:49 IST" name="TC06_EmployeePerformance" finished-at="2024-07-16T15:02:13 IST" duration-ms="84304" status="FAIL">
          <exception class="org.openqa.selenium.NoSuchElementException">
            <message>
              <![CDATA[no such element: Unable to locate element: {"method":"xpath","selector":"(//a[@data-rating-text='4.5'])[1]"}
  (Session info: chrome=126.0.6478.127)
For documentation on this error, please visit: https://www.selenium.dev/documentation/webdriver/troubleshooting/errors#no-such-element-exception
Build info: version: '4.22.0', revision: 'c5f3146703*'
System info: os.name: 'Windows 10', os.arch: 'amd64', os.version: '10.0', java.version: '20.0.1'
Driver info: org.openqa.selenium.chrome.ChromeDriver
Command: [90d26f0732d475b7d16330e4c91188ef, findElement {value=(//a[@data-rating-text='4.5'])[1], using=xpath}]
Capabilities {acceptInsecureCerts: false, browserName: chrome, browserVersion: 126.0.6478.127, chrome: {chromedriverVersion: 126.0.6478.126 (d36ace6122e..., userDataDir: C:\Users\PRiNCE\AppData\Loc...}, fedcm:accounts: true, goog:chromeOptions: {debuggerAddress: localhost:49687}, networkConnectionEnabled: false, pageLoadStrategy: normal, platformName: windows, proxy: Proxy(), se:cdp: ws://localhost:49687/devtoo..., se:cdpVersion: 126.0.6478.127, setWindowRect: true, strictFileInteractability: false, timeouts: {implicit: 0, pageLoad: 300000, script: 30000}, unhandledPromptBehavior: dismiss and notify, webauthn:extension:credBlob: true, webauthn:extension:largeBlob: true, webauthn:extension:minPinLength: true, webauthn:extension:prf: true, webauthn:virtualAuthenticators: true}
Session ID: 90d26f0732d475b7d16330e4c91188ef]]>
            </message>
            <full-stacktrace>
              <![CDATA[org.openqa.selenium.NoSuchElementException: no such element: Unable to locate element: {"method":"xpath","selector":"(//a[@data-rating-text='4.5'])[1]"}
  (Session info: chrome=126.0.6478.127)
For documentation on this error, please visit: https://www.selenium.dev/documentation/webdriver/troubleshooting/errors#no-such-element-exception
Build info: version: '4.22.0', revision: 'c5f3146703*'
System info: os.name: 'Windows 10', os.arch: 'amd64', os.version: '10.0', java.version: '20.0.1'
Driver info: org.openqa.selenium.chrome.ChromeDriver
Command: [90d26f0732d475b7d16330e4c91188ef, findElement {value=(//a[@data-rating-text='4.5'])[1], using=xpath}]
Capabilities {acceptInsecureCerts: false, browserName: chrome, browserVersion: 126.0.6478.127, chrome: {chromedriverVersion: 126.0.6478.126 (d36ace6122e..., userDataDir: C:\Users\PRiNCE\AppData\Loc...}, fedcm:accounts: true, goog:chromeOptions: {debuggerAddress: localhost:49687}, networkConnectionEnabled: false, pageLoadStrategy: normal, platformName: windows, proxy: Proxy(), se:cdp: ws://localhost:49687/devtoo..., se:cdpVersion: 126.0.6478.127, setWindowRect: true, strictFileInteractability: false, timeouts: {implicit: 0, pageLoad: 300000, script: 30000}, unhandledPromptBehavior: dismiss and notify, webauthn:extension:credBlob: true, webauthn:extension:largeBlob: true, webauthn:extension:minPinLength: true, webauthn:extension:prf: true, webauthn:virtualAuthenticators: true}
Session ID: 90d26f0732d475b7d16330e4c91188ef
at java.base/jdk.internal.reflect.DirectConstructorHandleAccessor.newInstance(DirectConstructorHandleAccessor.java:67)
at java.base/java.lang.reflect.Constructor.newInstanceWithCaller(Constructor.java:500)
at java.base/java.lang.reflect.Constructor.newInstance(Constructor.java:484)
at org.openqa.selenium.remote.ErrorCodec.decode(ErrorCodec.java:167)
at org.openqa.selenium.remote.codec.w3c.W3CHttpResponseCodec.decode(W3CHttpResponseCodec.java:138)
at org.openqa.selenium.remote.codec.w3c.W3CHttpResponseCodec.decode(W3CHttpResponseCodec.java:50)
at org.openqa.selenium.remote.HttpCommandExecutor.execute(HttpCommandExecutor.java:190)
at org.openqa.selenium.remote.service.DriverCommandExecutor.invokeExecute(DriverCommandExecutor.java:216)
at org.openqa.selenium.remote.service.DriverCommandExecutor.execute(DriverCommandExecutor.java:174)
at org.openqa.selenium.remote.RemoteWebDriver.execute(RemoteWebDriver.java:518)
at org.openqa.selenium.remote.ElementLocation$ElementFinder$2.findElement(ElementLocation.java:165)
at org.openqa.selenium.remote.ElementLocation.findElement(ElementLocation.java:59)
at org.openqa.selenium.remote.RemoteWebDriver.findElement(RemoteWebDriver.java:355)
at org.openqa.selenium.remote.RemoteWebDriver.findElement(RemoteWebDriver.java:349)
at employeePerformance.employeePerformance06(employeePerformance.java:172)
at testSuitOrangeHRM.TC06_EmployeePerformance(testSuitOrangeHRM.java:115)
at java.base/jdk.internal.reflect.DirectMethodHandleAccessor.invoke(DirectMethodHandleAccessor.java:104)
at java.base/java.lang.reflect.Method.invoke(Method.java:578)
at org.testng.internal.invokers.MethodInvocationHelper.invokeMethod(MethodInvocationHelper.java:141)
at org.testng.internal.invokers.TestInvoker.invokeMethod(TestInvoker.java:686)
at org.testng.internal.invokers.TestInvoker.invokeTestMethod(TestInvoker.java:230)
at org.testng.internal.invokers.MethodRunner.runInSequence(MethodRunner.java:63)
at org.testng.internal.invokers.TestInvoker$MethodInvocationAgent.invoke(TestInvoker.java:992)
at org.testng.internal.invokers.TestInvoker.invokeTestMethods(TestInvoker.java:203)
at org.testng.internal.invokers.TestMethodWorker.invokeTestMethods(TestMethodWorker.java:154)
at org.testng.internal.invokers.TestMethodWorker.run(TestMethodWorker.java:134)
at java.base/java.util.ArrayList.forEach(ArrayList.java:1511)
at org.testng.TestRunner.privateRun(TestRunner.java:739)
at org.testng.TestRunner.run(TestRunner.java:614)
at org.testng.SuiteRunner.runTest(SuiteRunner.java:421)
at org.testng.SuiteRunner.runSequentially(SuiteRunner.java:413)
at org.testng.SuiteRunner.privateRun(SuiteRunner.java:373)
at org.testng.SuiteRunner.run(SuiteRunner.java:312)
at org.testng.SuiteRunnerWorker.runSuite(SuiteRunnerWorker.java:52)
at org.testng.SuiteRunnerWorker.run(SuiteRunnerWorker.java:95)
at org.testng.TestNG.runSuitesSequentially(TestNG.java:1274)
at org.testng.TestNG.runSuitesLocally(TestNG.java:1208)
at org.testng.TestNG.runSuites(TestNG.java:1112)
at org.testng.TestNG.run(TestNG.java:1079)
at org.testng.remote.AbstractRemoteTestNG.run(AbstractRemoteTestNG.java:115)
at org.testng.remote.RemoteTestNG.initAndRun(RemoteTestNG.java:293)
at org.testng.remote.RemoteTestNG.main(RemoteTestNG.java:91)
]]>
            </full-stacktrace>
          </exception> <!-- org.openqa.selenium.NoSuchElementException -->
          <reporter-output>
          </reporter-output>
        </test-method> <!-- TC06_EmployeePerformance -->
        <test-method signature="TC07_EmployeePerformance()[pri:0, instance:testSuitOrangeHRM@1a45193b]" started-at="2024-07-16T15:02:13 IST" name="TC07_EmployeePerformance" finished-at="2024-07-16T15:02:50 IST" duration-ms="36202" status="PASS">
          <reporter-output>
          </reporter-output>
        </test-method> <!-- TC07_EmployeePerformance -->
        <test-method signature="TC08_EmployeeCareerDevelopment()[pri:0, instance:testSuitOrangeHRM@1a45193b]" started-at="2024-07-16T15:02:50 IST" name="TC08_EmployeeCareerDevelopment" finished-at="2024-07-16T15:03:36 IST" duration-ms="46564" status="PASS">
          <reporter-output>
          </reporter-output>
        </test-method> <!-- TC08_EmployeeCareerDevelopment -->
        <test-method signature="TC09_EmployeeRequestDesk()[pri:0, instance:testSuitOrangeHRM@1a45193b]" started-at="2024-07-16T15:03:36 IST" name="TC09_EmployeeRequestDesk" finished-at="2024-07-16T15:04:36 IST" duration-ms="59852" status="PASS">
          <reporter-output>
          </reporter-output>
        </test-method> <!-- TC09_EmployeeRequestDesk -->
        <test-method signature="TC10_EmployeeRecruitment()[pri:0, instance:testSuitOrangeHRM@1a45193b]" started-at="2024-07-16T15:04:36 IST" name="TC10_EmployeeRecruitment" finished-at="2024-07-16T15:05:25 IST" duration-ms="49151" status="FAIL">
          <exception class="org.openqa.selenium.NoSuchElementException">
            <message>
              <![CDATA[no such element: Unable to locate element: {"method":"xpath","selector":"(//a[@class='oxd-table-cell-link'])[1]"}
  (Session info: chrome=126.0.6478.127)
For documentation on this error, please visit: https://www.selenium.dev/documentation/webdriver/troubleshooting/errors#no-such-element-exception
Build info: version: '4.22.0', revision: 'c5f3146703*'
System info: os.name: 'Windows 10', os.arch: 'amd64', os.version: '10.0', java.version: '20.0.1'
Driver info: org.openqa.selenium.chrome.ChromeDriver
Command: [60cdf55dc783096572de8bc5396199b3, findElement {value=(//a[@class='oxd-table-cell-link'])[1], using=xpath}]
Capabilities {acceptInsecureCerts: false, browserName: chrome, browserVersion: 126.0.6478.127, chrome: {chromedriverVersion: 126.0.6478.126 (d36ace6122e..., userDataDir: C:\Users\PRiNCE\AppData\Loc...}, fedcm:accounts: true, goog:chromeOptions: {debuggerAddress: localhost:49804}, networkConnectionEnabled: false, pageLoadStrategy: normal, platformName: windows, proxy: Proxy(), se:cdp: ws://localhost:49804/devtoo..., se:cdpVersion: 126.0.6478.127, setWindowRect: true, strictFileInteractability: false, timeouts: {implicit: 0, pageLoad: 300000, script: 30000}, unhandledPromptBehavior: dismiss and notify, webauthn:extension:credBlob: true, webauthn:extension:largeBlob: true, webauthn:extension:minPinLength: true, webauthn:extension:prf: true, webauthn:virtualAuthenticators: true}
Session ID: 60cdf55dc783096572de8bc5396199b3]]>
            </message>
            <full-stacktrace>
              <![CDATA[org.openqa.selenium.NoSuchElementException: no such element: Unable to locate element: {"method":"xpath","selector":"(//a[@class='oxd-table-cell-link'])[1]"}
  (Session info: chrome=126.0.6478.127)
For documentation on this error, please visit: https://www.selenium.dev/documentation/webdriver/troubleshooting/errors#no-such-element-exception
Build info: version: '4.22.0', revision: 'c5f3146703*'
System info: os.name: 'Windows 10', os.arch: 'amd64', os.version: '10.0', java.version: '20.0.1'
Driver info: org.openqa.selenium.chrome.ChromeDriver
Command: [60cdf55dc783096572de8bc5396199b3, findElement {value=(//a[@class='oxd-table-cell-link'])[1], using=xpath}]
Capabilities {acceptInsecureCerts: false, browserName: chrome, browserVersion: 126.0.6478.127, chrome: {chromedriverVersion: 126.0.6478.126 (d36ace6122e..., userDataDir: C:\Users\PRiNCE\AppData\Loc...}, fedcm:accounts: true, goog:chromeOptions: {debuggerAddress: localhost:49804}, networkConnectionEnabled: false, pageLoadStrategy: normal, platformName: windows, proxy: Proxy(), se:cdp: ws://localhost:49804/devtoo..., se:cdpVersion: 126.0.6478.127, setWindowRect: true, strictFileInteractability: false, timeouts: {implicit: 0, pageLoad: 300000, script: 30000}, unhandledPromptBehavior: dismiss and notify, webauthn:extension:credBlob: true, webauthn:extension:largeBlob: true, webauthn:extension:minPinLength: true, webauthn:extension:prf: true, webauthn:virtualAuthenticators: true}
Session ID: 60cdf55dc783096572de8bc5396199b3
at java.base/jdk.internal.reflect.DirectConstructorHandleAccessor.newInstance(DirectConstructorHandleAccessor.java:67)
at java.base/java.lang.reflect.Constructor.newInstanceWithCaller(Constructor.java:500)
at java.base/java.lang.reflect.Constructor.newInstance(Constructor.java:484)
at org.openqa.selenium.remote.ErrorCodec.decode(ErrorCodec.java:167)
at org.openqa.selenium.remote.codec.w3c.W3CHttpResponseCodec.decode(W3CHttpResponseCodec.java:138)
at org.openqa.selenium.remote.codec.w3c.W3CHttpResponseCodec.decode(W3CHttpResponseCodec.java:50)
at org.openqa.selenium.remote.HttpCommandExecutor.execute(HttpCommandExecutor.java:190)
at org.openqa.selenium.remote.service.DriverCommandExecutor.invokeExecute(DriverCommandExecutor.java:216)
at org.openqa.selenium.remote.service.DriverCommandExecutor.execute(DriverCommandExecutor.java:174)
at org.openqa.selenium.remote.RemoteWebDriver.execute(RemoteWebDriver.java:518)
at org.openqa.selenium.remote.ElementLocation$ElementFinder$2.findElement(ElementLocation.java:165)
at org.openqa.selenium.remote.ElementLocation.findElement(ElementLocation.java:59)
at org.openqa.selenium.remote.RemoteWebDriver.findElement(RemoteWebDriver.java:355)
at org.openqa.selenium.remote.RemoteWebDriver.findElement(RemoteWebDriver.java:349)
at employeeRecruitment.employeeRecruitment10(employeeRecruitment.java:61)
at testSuitOrangeHRM.TC10_EmployeeRecruitment(testSuitOrangeHRM.java:186)
at java.base/jdk.internal.reflect.DirectMethodHandleAccessor.invoke(DirectMethodHandleAccessor.java:104)
at java.base/java.lang.reflect.Method.invoke(Method.java:578)
at org.testng.internal.invokers.MethodInvocationHelper.invokeMethod(MethodInvocationHelper.java:141)
at org.testng.internal.invokers.TestInvoker.invokeMethod(TestInvoker.java:686)
at org.testng.internal.invokers.TestInvoker.invokeTestMethod(TestInvoker.java:230)
at org.testng.internal.invokers.MethodRunner.runInSequence(MethodRunner.java:63)
at org.testng.internal.invokers.TestInvoker$MethodInvocationAgent.invoke(TestInvoker.java:992)
at org.testng.internal.invokers.TestInvoker.invokeTestMethods(TestInvoker.java:203)
at org.testng.internal.invokers.TestMethodWorker.invokeTestMethods(TestMethodWorker.java:154)
at org.testng.internal.invokers.TestMethodWorker.run(TestMethodWorker.java:134)
at java.base/java.util.ArrayList.forEach(ArrayList.java:1511)
at org.testng.TestRunner.privateRun(TestRunner.java:739)
at org.testng.TestRunner.run(TestRunner.java:614)
at org.testng.SuiteRunner.runTest(SuiteRunner.java:421)
at org.testng.SuiteRunner.runSequentially(SuiteRunner.java:413)
at org.testng.SuiteRunner.privateRun(SuiteRunner.java:373)
at org.testng.SuiteRunner.run(SuiteRunner.java:312)
at org.testng.SuiteRunnerWorker.runSuite(SuiteRunnerWorker.java:52)
at org.testng.SuiteRunnerWorker.run(SuiteRunnerWorker.java:95)
at org.testng.TestNG.runSuitesSequentially(TestNG.java:1274)
at org.testng.TestNG.runSuitesLocally(TestNG.java:1208)
at org.testng.TestNG.runSuites(TestNG.java:1112)
at org.testng.TestNG.run(TestNG.java:1079)
at org.testng.remote.AbstractRemoteTestNG.run(AbstractRemoteTestNG.java:115)
at org.testng.remote.RemoteTestNG.initAndRun(RemoteTestNG.java:293)
at org.testng.remote.RemoteTestNG.main(RemoteTestNG.java:91)
]]>
            </full-stacktrace>
          </exception> <!-- org.openqa.selenium.NoSuchElementException -->
          <reporter-output>
          </reporter-output>
        </test-method> <!-- TC10_EmployeeRecruitment -->
        <test-method is-config="true" signature="afterTest()[pri:0, instance:testSuitOrangeHRM@1a45193b]" started-at="2024-07-16T15:05:25 IST" name="afterTest" finished-at="2024-07-16T15:05:25 IST" duration-ms="262" status="PASS">
          <reporter-output>
          </reporter-output>
        </test-method> <!-- afterTest -->
      </class> <!-- testSuitOrangeHRM -->
    </test> <!-- Test -->
  </suite> <!-- Suite -->
</testng-results>
